{"C:\\FrontEnd\\REACT\\React-Testing-RS\\index.js": {"path":"C:\\FrontEnd\\REACT\\React-Testing-RS\\index.js","statementMap":{"0":{"start":{"line":5,"column":1},"end":{"line":5,"column":15}},"1":{"start":{"line":8,"column":0},"end":{"line":10,"column":2}}},"fnMap":{"0":{"name":"solveLinear","decl":{"start":{"line":4,"column":9},"end":{"line":4,"column":20}},"loc":{"start":{"line":4,"column":27},"end":{"line":6,"column":1}},"line":4}},"branchMap":{},"s":{"0":2,"1":1},"f":{"0":2},"b":{},"_coverageSchema":"1a1c01bbd47fc00a2c39e90264f33305004495a9","hash":"6fbfa4b4d4c455b3177f46f7ebc158f36cacf721"}
}
